<?xml version="1.0" encoding="UTF-8"?>
<!-- Generated by org.testng.reporters.JUnitXMLReporter -->
<testsuite ignored="0" hostname="TYSS-Mamatha" failures="1" tests="2" name="Testdfghjdfghsdfghj" time="0.05" errors="0" timestamp="2023-08-05T11:08:59 IST">
  <testcase classname="listnerp.TestcaseListner" name="demoFOrListner" time="0.008"/>
  <testcase classname="listnerp.TestcaseListner" name="demoFOrListnerMethods" time="0.004">
    <failure type="java.lang.AssertionError" message="expected [false] but found [true]">
      <![CDATA[java.lang.AssertionError: expected [false] but found [true]
at listnerp.TestcaseListner.demoFOrListnerMethods(TestcaseListner.java:17)
at java.base/java.util.ArrayList.forEach(ArrayList.java:1511)
... Removed 31 stack frames]]>
    </failure>
  </testcase> <!-- demoFOrListnerMethods -->
</testsuite> <!-- Testdfghjdfghsdfghj -->
