<?xml version="1.0" encoding="UTF-8"?>
<!-- Generated by org.testng.reporters.JUnitXMLReporter -->
<testsuite ignored="0" hostname="TYSS-Mamatha" failures="0" tests="4" name="Test" time="33.603" errors="0" timestamp="2023-08-17T12:26:48 IST">
  <testcase classname="pim.ST_PIM_2" name="Creating_an_employee_with_valid_details" time="3.471"/>
  <testcase classname="pim.ST_PIM_2" name="Creating_an_employee_with_valid_details" time="3.446"/>
  <testcase classname="pim.ST_PIM_2" name="Creating_an_employee_with_valid_details" time="3.502"/>
  <testcase classname="pim.ST_PIM_2" name="Creating_an_employee_with_valid_details" time="3.401"/>
</testsuite> <!-- Test -->
